Using pre-set license
Built from '2022.3/staging' branch; Version is '2022.3.4f1 (35713cd46cd7) revision 3502396'; Using compiler version '192829333'; Build Type 'Release'
OS: 'Windows 11  (10.0.22621) 64bit CoreSingleLanguage' Language: 'es' Physical Memory: 16291 MB
BatchMode: 1, IsHumanControllingUs: 0, StartBugReporterOnCrash: 0, Is64bit: 1, IsPro: 1

COMMAND LINE ARGUMENTS:
D:\Unity\2022.3.4f1\Editor\Unity.exe
-adb2
-batchMode
-noUpm
-name
AssetImportWorker8
-projectPath
D:/Projectos unity/El Alma de la Jungla
-logFile
Logs/AssetImportWorker8.log
-srvPort
56711
Successfully changed project path to: D:/Projectos unity/El Alma de la Jungla
D:/Projectos unity/El Alma de la Jungla
[UnityMemory] Configuration Parameters - Can be set up in boot.config
    "memorysetup-bucket-allocator-granularity=16"
    "memorysetup-bucket-allocator-bucket-count=8"
    "memorysetup-bucket-allocator-block-size=33554432"
    "memorysetup-bucket-allocator-block-count=8"
    "memorysetup-main-allocator-block-size=16777216"
    "memorysetup-thread-allocator-block-size=16777216"
    "memorysetup-gfx-main-allocator-block-size=16777216"
    "memorysetup-gfx-thread-allocator-block-size=16777216"
    "memorysetup-cache-allocator-block-size=4194304"
    "memorysetup-typetree-allocator-block-size=2097152"
    "memorysetup-profiler-bucket-allocator-granularity=16"
    "memorysetup-profiler-bucket-allocator-bucket-count=8"
    "memorysetup-profiler-bucket-allocator-block-size=33554432"
    "memorysetup-profiler-bucket-allocator-block-count=8"
    "memorysetup-profiler-allocator-block-size=16777216"
    "memorysetup-profiler-editor-allocator-block-size=1048576"
    "memorysetup-temp-allocator-size-main=16777216"
    "memorysetup-job-temp-allocator-block-size=2097152"
    "memorysetup-job-temp-allocator-block-size-background=1048576"
    "memorysetup-job-temp-allocator-reduction-small-platforms=262144"
    "memorysetup-allocator-temp-initial-block-size-main=262144"
    "memorysetup-allocator-temp-initial-block-size-worker=262144"
    "memorysetup-temp-allocator-size-background-worker=32768"
    "memorysetup-temp-allocator-size-job-worker=262144"
    "memorysetup-temp-allocator-size-preload-manager=33554432"
    "memorysetup-temp-allocator-size-nav-mesh-worker=65536"
    "memorysetup-temp-allocator-size-audio-worker=65536"
    "memorysetup-temp-allocator-size-cloud-worker=32768"
    "memorysetup-temp-allocator-size-gi-baking-worker=262144"
    "memorysetup-temp-allocator-size-gfx=262144"
Player connection [8908] Host "[IP] 192.168.50.243 [Port] 0 [Flags] 2 [Guid] 4170238865 [EditorId] 4170238865 [Version] 1048832 [Id] WindowsEditor(7,LAPTOP-OHA4K3DO) [Debug] 1 [PackageName] WindowsEditor [ProjectName] Editor" joined multi-casting on [225.0.0.222:54997]...

Player connection [8908] Host "[IP] 192.168.50.243 [Port] 0 [Flags] 2 [Guid] 4170238865 [EditorId] 4170238865 [Version] 1048832 [Id] WindowsEditor(7,LAPTOP-OHA4K3DO) [Debug] 1 [PackageName] WindowsEditor [ProjectName] Editor" joined alternative multi-casting on [225.0.0.222:34997]...

Refreshing native plugins compatible for Editor in 7.98 ms, found 3 plugins.
Preloading 0 native plugins for Editor in 0.00 ms.
Initialize engine version: 2022.3.4f1 (35713cd46cd7)
[Subsystems] Discovering subsystems at path D:/Unity/2022.3.4f1/Editor/Data/Resources/UnitySubsystems
[Subsystems] Discovering subsystems at path D:/Projectos unity/El Alma de la Jungla/Assets
GfxDevice: creating device client; threaded=0; jobified=0
Direct3D:
    Version:  Direct3D 11.0 [level 11.1]
    Renderer: NVIDIA GeForce RTX 2060 (ID=0x1f15)
    Vendor:   NVIDIA
    VRAM:     5968 MB
    Driver:   31.0.15.3699
Initialize mono
Mono path[0] = 'D:/Unity/2022.3.4f1/Editor/Data/Managed'
Mono path[1] = 'D:/Unity/2022.3.4f1/Editor/Data/MonoBleedingEdge/lib/mono/unityjit-win32'
Mono config path = 'D:/Unity/2022.3.4f1/Editor/Data/MonoBleedingEdge/etc'
Using monoOptions --debugger-agent=transport=dt_socket,embedding=1,server=y,suspend=n,address=127.0.0.1:56604
Begin MonoManager ReloadAssembly
Registering precompiled unity dll's ...
Register platform support module: D:/Unity/2022.3.4f1/Editor/Data/PlaybackEngines/WindowsStandaloneSupport/UnityEditor.WindowsStandalone.Extensions.dll
Registered in 0.002844 seconds.
- Loaded All Assemblies, in  0.302 seconds
Native extension for WindowsStandalone target not found
Mono: successfully reloaded assembly
- Finished resetting the current domain, in  0.246 seconds
Domain Reload Profiling: 548ms
	BeginReloadAssembly (89ms)
		ExecutionOrderSort (0ms)
		DisableScriptedObjects (0ms)
		BackupInstance (0ms)
		ReleaseScriptingObjects (0ms)
		CreateAndSetChildDomain (1ms)
	RebuildCommonClasses (33ms)
	RebuildNativeTypeToScriptingClass (10ms)
	initialDomainReloadingComplete (46ms)
	LoadAllAssembliesAndSetupDomain (123ms)
		LoadAssemblies (88ms)
		RebuildTransferFunctionScriptingTraits (0ms)
		AnalyzeDomain (121ms)
			TypeCache.Refresh (120ms)
				TypeCache.ScanAssembly (109ms)
			ScanForSourceGeneratedMonoScriptInfo (0ms)
			ResolveRequiredComponents (1ms)
	FinalizeReload (246ms)
		ReleaseScriptCaches (0ms)
		RebuildScriptCaches (0ms)
		SetupLoadedEditorAssemblies (191ms)
			LogAssemblyErrors (0ms)
			InitializePlatformSupportModulesInManaged (7ms)
			SetLoadedEditorAssemblies (7ms)
			RefreshPlugins (0ms)
			BeforeProcessingInitializeOnLoad (2ms)
			ProcessInitializeOnLoadAttributes (130ms)
			ProcessInitializeOnLoadMethodAttributes (45ms)
			AfterProcessingInitializeOnLoad (0ms)
			EditorAssembliesLoaded (0ms)
		ExecutionOrderSort2 (0ms)
		AwakeInstancesAfterBackupRestoration (0ms)
========================================================================
Worker process is ready to serve import requests
Begin MonoManager ReloadAssembly
Symbol file LoadedFromMemory doesn't match image D:\Projectos unity\El Alma de la Jungla\Library\PackageCache\com.unity.visualscripting@1.8.0\Editor\VisualScripting.Core\Dependencies\YamlDotNet\Unity.VisualScripting.YamlDotNet.dll
Symbol file LoadedFromMemory doesn't match image D:\Projectos unity\El Alma de la Jungla\Library\PackageCache\com.unity.visualscripting@1.8.0\Editor\VisualScripting.Core\Dependencies\DotNetZip\Unity.VisualScripting.IonicZip.dll
- Loaded All Assemblies, in  0.689 seconds
Refreshing native plugins compatible for Editor in 2.65 ms, found 3 plugins.
Native extension for WindowsStandalone target not found
Package Manager log level set to [2]
[Package Manager] Server::EnsureServerProcessIsRunning -- launch failed, reason: Unity was launched with the -noUpm command-line argument
[Package Manager] UpmClient::Send -- Unable to send message (not connected to UPM process).
[Package Manager] Cannot connect to Unity Package Manager local server
Mono: successfully reloaded assembly
- Finished resetting the current domain, in  0.683 seconds
Domain Reload Profiling: 1372ms
	BeginReloadAssembly (122ms)
		ExecutionOrderSort (0ms)
		DisableScriptedObjects (5ms)
		BackupInstance (0ms)
		ReleaseScriptingObjects (0ms)
		CreateAndSetChildDomain (17ms)
	RebuildCommonClasses (33ms)
	RebuildNativeTypeToScriptingClass (10ms)
	initialDomainReloadingComplete (34ms)
	LoadAllAssembliesAndSetupDomain (490ms)
		LoadAssemblies (224ms)
		RebuildTransferFunctionScriptingTraits (0ms)
		AnalyzeDomain (334ms)
			TypeCache.Refresh (312ms)
				TypeCache.ScanAssembly (300ms)
			ScanForSourceGeneratedMonoScriptInfo (17ms)
			ResolveRequiredComponents (5ms)
	FinalizeReload (683ms)
		ReleaseScriptCaches (0ms)
		RebuildScriptCaches (0ms)
		SetupLoadedEditorAssemblies (528ms)
			LogAssemblyErrors (0ms)
			InitializePlatformSupportModulesInManaged (4ms)
			SetLoadedEditorAssemblies (3ms)
			RefreshPlugins (0ms)
			BeforeProcessingInitializeOnLoad (50ms)
			ProcessInitializeOnLoadAttributes (449ms)
			ProcessInitializeOnLoadMethodAttributes (20ms)
			AfterProcessingInitializeOnLoad (2ms)
			EditorAssembliesLoaded (0ms)
		ExecutionOrderSort2 (0ms)
		AwakeInstancesAfterBackupRestoration (7ms)
Launched and connected shader compiler UnityShaderCompiler.exe after 0.05 seconds
Refreshing native plugins compatible for Editor in 2.57 ms, found 3 plugins.
Preloading 0 native plugins for Editor in 0.00 ms.
Unloading 3405 Unused Serialized files (Serialized files now loaded: 0)
Unloading 47 unused Assets / (1.3 MB). Loaded Objects now: 3875.
Memory consumption went from 144.7 MB to 143.4 MB.
Total: 3.727600 ms (FindLiveObjects: 0.305900 ms CreateObjectMapping: 0.247800 ms MarkObjects: 2.916600 ms  DeleteObjects: 0.256600 ms)

AssetImportParameters requested are different than current active one (requested -> active):
  custom:container-demuxer-ogg: 62fdf1f143b41e24485cea50d1cbac27 -> 
  custom:video-codec-MediaFoundation-h265: 746d11721c4dcdbdad8f713fa42b33f4 -> 
  custom:video-decoder-ogg-theora: a1e56fd34408186e4bbccfd4996cb3dc -> 
  custom:framework-win-MediaFoundation: 216162199b28c13a410421893ffa2e32 -> 
  custom:CustomObjectIndexerAttribute: 756ad292c208cfabdd7b50bc23989ffe -> 
  custom:container-demuxer-webm: 4f35f7cbe854078d1ac9338744f61a02 -> 
  custom:container-muxer-webm: aa71ff27fc2769a1b78a27578f13a17b -> 
  custom:video-decoder-webm-vp8: 9c59270c3fd7afecdb556c50c9e8de78 -> 
  custom:AudioImporter_EditorPlatform: d09bf68614088b80899f8185d706f6e7 -> 
  custom:video-encoder-webm-vp8: eb34c28f22e8b96e1ab97ce403110664 -> 
  custom:audio-decoder-ogg-vorbis: bf7c407c2cedff20999df2af8eb42d56 -> 
  custom:audio-encoder-webm-vorbis: bf7c407c2cedff20999df2af8eb42d56 -> 
========================================================================
Received Import Request.
  Time since last request: 284391.615347 seconds.
  path: Assets/Prefabs/SOLIDSNAKE/SnakeTexture.png
  artifactKey: Guid(2dd47d7b0ef17524f834c0d2d14cba28) Importer(815301076,1909f56bfc062723c751e8b465ee728b)
Start importing Assets/Prefabs/SOLIDSNAKE/SnakeTexture.png using Guid(2dd47d7b0ef17524f834c0d2d14cba28) Importer(815301076,1909f56bfc062723c751e8b465ee728b)  -> (artifact id: '33e08b2eb752b705412ec1f6ed9bf4c6') in 0.073551 seconds
Number of updated asset objects reloaded before import = 0
Number of asset objects unloaded after import = 2
========================================================================
Received Import Request.
  Time since last request: 0.000022 seconds.
  path: Assets/AstarPathfindingProject/Editor/EditorAssets/images/upDownArrow_02.png
  artifactKey: Guid(0a9d941450e7c46cf8928d06762c2189) Importer(815301076,1909f56bfc062723c751e8b465ee728b)
Start importing Assets/AstarPathfindingProject/Editor/EditorAssets/images/upDownArrow_02.png using Guid(0a9d941450e7c46cf8928d06762c2189) Importer(815301076,1909f56bfc062723c751e8b465ee728b)  -> (artifact id: 'dfd02a8c75ba0cec79c155b7cb04e59b') in 0.015116 seconds
Number of updated asset objects reloaded before import = 0
Number of asset objects unloaded after import = 2
========================================================================
Received Import Request.
  Time since last request: 0.000015 seconds.
  path: Assets/AstarPathfindingProject/Editor/EditorAssets/images/upDownButtons_01.png
  artifactKey: Guid(4cecafde1350347fd984baee5961a393) Importer(815301076,1909f56bfc062723c751e8b465ee728b)
Start importing Assets/AstarPathfindingProject/Editor/EditorAssets/images/upDownButtons_01.png using Guid(4cecafde1350347fd984baee5961a393) Importer(815301076,1909f56bfc062723c751e8b465ee728b)  -> (artifact id: '7150fe8922fc33a270142a2de75a9032') in 0.017651 seconds
Number of updated asset objects reloaded before import = 0
Number of asset objects unloaded after import = 2
========================================================================
Received Import Request.
  Time since last request: 0.503131 seconds.
  path: Assets/Assets/Day-Night Skyboxes/Textures/SkySunSet_Back.png
  artifactKey: Guid(0933480a6df8a864ab3318a638153624) Importer(815301076,1909f56bfc062723c751e8b465ee728b)
Start importing Assets/Assets/Day-Night Skyboxes/Textures/SkySunSet_Back.png using Guid(0933480a6df8a864ab3318a638153624) Importer(815301076,1909f56bfc062723c751e8b465ee728b)  -> (artifact id: '2d243345ba9c0e8ef511b8eb12c3dcff') in 0.016370 seconds
Number of updated asset objects reloaded before import = 0
Number of asset objects unloaded after import = 2
========================================================================
Received Import Request.
  Time since last request: 0.000027 seconds.
  path: Assets/Assets/Day-Night Skyboxes/Textures/SkySunSet_Top.png
  artifactKey: Guid(2d392eade9cbd2546bb57e72a95e6df6) Importer(815301076,1909f56bfc062723c751e8b465ee728b)
Start importing Assets/Assets/Day-Night Skyboxes/Textures/SkySunSet_Top.png using Guid(2d392eade9cbd2546bb57e72a95e6df6) Importer(815301076,1909f56bfc062723c751e8b465ee728b)  -> (artifact id: 'baa3fb876f644e1404a5cca0bebe6ea8') in 0.013892 seconds
Number of updated asset objects reloaded before import = 0
Number of asset objects unloaded after import = 2
========================================================================
Received Import Request.
  Time since last request: 0.000016 seconds.
  path: Assets/Assets/Day-Night Skyboxes/Textures/SkyNoon_Right.png
  artifactKey: Guid(4f6bec75bfe65ad49a0826debe902b30) Importer(815301076,1909f56bfc062723c751e8b465ee728b)
Start importing Assets/Assets/Day-Night Skyboxes/Textures/SkyNoon_Right.png using Guid(4f6bec75bfe65ad49a0826debe902b30) Importer(815301076,1909f56bfc062723c751e8b465ee728b)  -> (artifact id: '1526fd2acc55a3a5a133d86733574a7b') in 0.020893 seconds
Number of updated asset objects reloaded before import = 0
Number of asset objects unloaded after import = 2
========================================================================
Received Import Request.
  Time since last request: 0.000014 seconds.
  path: Assets/Assets/Day-Night Skyboxes/Textures/SkyNight_Front.png
  artifactKey: Guid(6b14f3b4e0f9b0f48977fd2d27e03dfa) Importer(815301076,1909f56bfc062723c751e8b465ee728b)
Start importing Assets/Assets/Day-Night Skyboxes/Textures/SkyNight_Front.png using Guid(6b14f3b4e0f9b0f48977fd2d27e03dfa) Importer(815301076,1909f56bfc062723c751e8b465ee728b)  -> (artifact id: '500a5bd1c17ce5406cb76ecac659906a') in 0.012821 seconds
Number of updated asset objects reloaded before import = 0
Number of asset objects unloaded after import = 2
========================================================================
Received Import Request.
  Time since last request: 0.000182 seconds.
  path: Assets/Assets/Day-Night Skyboxes/Textures/SkyNight_Left.png
  artifactKey: Guid(1b28b1ed2ef4f114394b2dde7b05f3fe) Importer(815301076,1909f56bfc062723c751e8b465ee728b)
Start importing Assets/Assets/Day-Night Skyboxes/Textures/SkyNight_Left.png using Guid(1b28b1ed2ef4f114394b2dde7b05f3fe) Importer(815301076,1909f56bfc062723c751e8b465ee728b)  -> (artifact id: '0a7f8a4ef940c65afa8ce52160f04672') in 0.011634 seconds
Number of updated asset objects reloaded before import = 0
Number of asset objects unloaded after import = 2
========================================================================
Received Import Request.
  Time since last request: 0.000022 seconds.
  path: Assets/Assets/Day-Night Skyboxes/Textures/SkyMorning_Left.png
  artifactKey: Guid(c6df5489072ca7a4fad87ec2825e86da) Importer(815301076,1909f56bfc062723c751e8b465ee728b)
Start importing Assets/Assets/Day-Night Skyboxes/Textures/SkyMorning_Left.png using Guid(c6df5489072ca7a4fad87ec2825e86da) Importer(815301076,1909f56bfc062723c751e8b465ee728b)  -> (artifact id: '9d0d5c636139086eceea3ce47fd1e841') in 0.011609 seconds
Number of updated asset objects reloaded before import = 0
Number of asset objects unloaded after import = 2
========================================================================
Received Import Request.
  Time since last request: 0.000092 seconds.
  path: Assets/Assets/Day-Night Skyboxes/Textures/SkyNoon_Bottom.png
  artifactKey: Guid(ca936d5ad9282044293249963704b9ce) Importer(815301076,1909f56bfc062723c751e8b465ee728b)
Start importing Assets/Assets/Day-Night Skyboxes/Textures/SkyNoon_Bottom.png using Guid(ca936d5ad9282044293249963704b9ce) Importer(815301076,1909f56bfc062723c751e8b465ee728b)  -> (artifact id: '946218d1cda16c7520eacb6807d16bed') in 0.014375 seconds
Number of updated asset objects reloaded before import = 0
Number of asset objects unloaded after import = 2
========================================================================
Received Import Request.
  Time since last request: 0.000034 seconds.
  path: Assets/Assets/Day-Night Skyboxes/Textures/SkyNoon_Back.png
  artifactKey: Guid(988a47c87043b1f4597329d87c8c5f9e) Importer(815301076,1909f56bfc062723c751e8b465ee728b)
Start importing Assets/Assets/Day-Night Skyboxes/Textures/SkyNoon_Back.png using Guid(988a47c87043b1f4597329d87c8c5f9e) Importer(815301076,1909f56bfc062723c751e8b465ee728b)  -> (artifact id: '3946b6473958ad3a5246f71b0cda14b7') in 0.012946 seconds
Number of updated asset objects reloaded before import = 0
Number of asset objects unloaded after import = 2
========================================================================
Received Import Request.
  Time since last request: 0.000023 seconds.
  path: Assets/Assets/Day-Night Skyboxes/Textures/SkyMorning_Bottom.png
  artifactKey: Guid(ba8c76432fb29c44695a619aea972dc2) Importer(815301076,1909f56bfc062723c751e8b465ee728b)
Start importing Assets/Assets/Day-Night Skyboxes/Textures/SkyMorning_Bottom.png using Guid(ba8c76432fb29c44695a619aea972dc2) Importer(815301076,1909f56bfc062723c751e8b465ee728b)  -> (artifact id: 'c3e25933ce2bffec207b62b81f0de27a') in 0.015008 seconds
Number of updated asset objects reloaded before import = 0
Number of asset objects unloaded after import = 2
========================================================================
Received Import Request.
  Time since last request: 0.000023 seconds.
  path: Assets/Assets/Day-Night Skyboxes/Textures/SkyNight_Right.png
  artifactKey: Guid(c089d8f141d8cf8418c285d4cee57341) Importer(815301076,1909f56bfc062723c751e8b465ee728b)
Start importing Assets/Assets/Day-Night Skyboxes/Textures/SkyNight_Right.png using Guid(c089d8f141d8cf8418c285d4cee57341) Importer(815301076,1909f56bfc062723c751e8b465ee728b)  -> (artifact id: 'd30b9eb3b4d087bcb249ecf48cd4b1cf') in 0.016038 seconds
Number of updated asset objects reloaded before import = 0
Number of asset objects unloaded after import = 2
========================================================================
Received Import Request.
  Time since last request: 0.000046 seconds.
  path: Assets/Assets/Day-Night Skyboxes/Textures/SkySunSet_Right.png
  artifactKey: Guid(ceb208991d952ac4cb2bb411dd82a5be) Importer(815301076,1909f56bfc062723c751e8b465ee728b)
Start importing Assets/Assets/Day-Night Skyboxes/Textures/SkySunSet_Right.png using Guid(ceb208991d952ac4cb2bb411dd82a5be) Importer(815301076,1909f56bfc062723c751e8b465ee728b)  -> (artifact id: '2495eab20982b7ff6e6471bd47bfc462') in 0.013003 seconds
Number of updated asset objects reloaded before import = 0
Number of asset objects unloaded after import = 2
========================================================================
Received Import Request.
  Time since last request: 0.068376 seconds.
  path: Assets/Assets/Day-Night Skyboxes/Textures/SkyMidNight_Back.png
  artifactKey: Guid(1a40cbba43c28844d9d5434d798a3784) Importer(815301076,1909f56bfc062723c751e8b465ee728b)
Start importing Assets/Assets/Day-Night Skyboxes/Textures/SkyMidNight_Back.png using Guid(1a40cbba43c28844d9d5434d798a3784) Importer(815301076,1909f56bfc062723c751e8b465ee728b)  -> (artifact id: '8f884611a16a627a31f7a1840399962f') in 0.014076 seconds
Number of updated asset objects reloaded before import = 0
Number of asset objects unloaded after import = 2
========================================================================
Received Import Request.
  Time since last request: 0.000018 seconds.
  path: Assets/Assets/Day-Night Skyboxes/Textures/SkyMidNight_Top.png
  artifactKey: Guid(e211c2ca9055575428e0614590e7e651) Importer(815301076,1909f56bfc062723c751e8b465ee728b)
Start importing Assets/Assets/Day-Night Skyboxes/Textures/SkyMidNight_Top.png using Guid(e211c2ca9055575428e0614590e7e651) Importer(815301076,1909f56bfc062723c751e8b465ee728b)  -> (artifact id: 'a72451568375f65126365428c71c4192') in 0.013248 seconds
Number of updated asset objects reloaded before import = 0
Number of asset objects unloaded after import = 2
========================================================================
Received Import Request.
  Time since last request: 0.000019 seconds.
  path: Assets/Assets/Day-Night Skyboxes/Textures/SkyMidNight_Right.png
  artifactKey: Guid(8ccea35bb4bd8a9479b160117e0761f3) Importer(815301076,1909f56bfc062723c751e8b465ee728b)
Start importing Assets/Assets/Day-Night Skyboxes/Textures/SkyMidNight_Right.png using Guid(8ccea35bb4bd8a9479b160117e0761f3) Importer(815301076,1909f56bfc062723c751e8b465ee728b)  -> (artifact id: 'ffd88264bd67df530efdbfdc8f92a81a') in 0.016279 seconds
Number of updated asset objects reloaded before import = 0
Number of asset objects unloaded after import = 2
========================================================================
Received Import Request.
  Time since last request: 0.025065 seconds.
  path: Assets/Assets/Day-Night Skyboxes/Textures/SkyCloudy_Top.png
  artifactKey: Guid(e71cba7ef433f8c418d4dcde1e79fb98) Importer(815301076,1909f56bfc062723c751e8b465ee728b)
Start importing Assets/Assets/Day-Night Skyboxes/Textures/SkyCloudy_Top.png using Guid(e71cba7ef433f8c418d4dcde1e79fb98) Importer(815301076,1909f56bfc062723c751e8b465ee728b)  -> (artifact id: '8ac53fae4880b7ee6d73dfc4c621d747') in 0.011830 seconds
Number of updated asset objects reloaded before import = 0
Number of asset objects unloaded after import = 2
========================================================================
Received Import Request.
  Time since last request: 0.000013 seconds.
  path: Assets/Assets/Day-Night Skyboxes/Textures/SkyBrightMorning_Top.png
  artifactKey: Guid(6942c5222258a7d4ca5f071156794a1f) Importer(815301076,1909f56bfc062723c751e8b465ee728b)
Start importing Assets/Assets/Day-Night Skyboxes/Textures/SkyBrightMorning_Top.png using Guid(6942c5222258a7d4ca5f071156794a1f) Importer(815301076,1909f56bfc062723c751e8b465ee728b)  -> (artifact id: '972c645aa9b4b5318d0b7183a8e1a9cf') in 0.036650 seconds
Number of updated asset objects reloaded before import = 0
Number of asset objects unloaded after import = 2
========================================================================
Received Import Request.
  Time since last request: 0.000020 seconds.
  path: Assets/Assets/Day-Night Skyboxes/Textures/SkyCloudy_Back.png
  artifactKey: Guid(fc3b33a42f371924590f4be9850f78ae) Importer(815301076,1909f56bfc062723c751e8b465ee728b)
Start importing Assets/Assets/Day-Night Skyboxes/Textures/SkyCloudy_Back.png using Guid(fc3b33a42f371924590f4be9850f78ae) Importer(815301076,1909f56bfc062723c751e8b465ee728b)  -> (artifact id: 'f842d5c76f5617b4b8980cdb42c81cec') in 0.014827 seconds
Number of updated asset objects reloaded before import = 0
Number of asset objects unloaded after import = 2
========================================================================
Received Import Request.
  Time since last request: 0.000018 seconds.
  path: Assets/Assets/Day-Night Skyboxes/Textures/SkyBrightMorning_Right.png
  artifactKey: Guid(62f6306d636d810479805f34fa875e27) Importer(815301076,1909f56bfc062723c751e8b465ee728b)
Start importing Assets/Assets/Day-Night Skyboxes/Textures/SkyBrightMorning_Right.png using Guid(62f6306d636d810479805f34fa875e27) Importer(815301076,1909f56bfc062723c751e8b465ee728b)  -> (artifact id: '4b632ba2e1b6b6e784974f778fc57ed5') in 0.092087 seconds
Number of updated asset objects reloaded before import = 0
Number of asset objects unloaded after import = 2
========================================================================
Received Import Request.
  Time since last request: 0.000022 seconds.
  path: Assets/Assets/Day-Night Skyboxes/Textures/SkyEarlyDusk_Back.png
  artifactKey: Guid(675b7eb08655ed44d87fc86d2d5cb154) Importer(815301076,1909f56bfc062723c751e8b465ee728b)
Start importing Assets/Assets/Day-Night Skyboxes/Textures/SkyEarlyDusk_Back.png using Guid(675b7eb08655ed44d87fc86d2d5cb154) Importer(815301076,1909f56bfc062723c751e8b465ee728b)  -> (artifact id: '162bbad7eebeaf96f1c7c30a57f43160') in 0.015552 seconds
Number of updated asset objects reloaded before import = 0
Number of asset objects unloaded after import = 2
========================================================================
Received Import Request.
  Time since last request: 0.000024 seconds.
  path: Assets/Assets/Day-Night Skyboxes/Textures/SkyHole_Right.png
  artifactKey: Guid(34fb02e33563a2e46a8dc30b1db95a63) Importer(815301076,1909f56bfc062723c751e8b465ee728b)
Start importing Assets/Assets/Day-Night Skyboxes/Textures/SkyHole_Right.png using Guid(34fb02e33563a2e46a8dc30b1db95a63) Importer(815301076,1909f56bfc062723c751e8b465ee728b)  -> (artifact id: '27d668bbc121173d479bba964f1b1087') in 0.012291 seconds
Number of updated asset objects reloaded before import = 0
Number of asset objects unloaded after import = 2
========================================================================
Received Import Request.
  Time since last request: 0.000021 seconds.
  path: Assets/Assets/Day-Night Skyboxes/Textures/SkyEarlyDusk_Front.png
  artifactKey: Guid(03d88a9245522804b93d275a99ae6f6a) Importer(815301076,1909f56bfc062723c751e8b465ee728b)
Start importing Assets/Assets/Day-Night Skyboxes/Textures/SkyEarlyDusk_Front.png using Guid(03d88a9245522804b93d275a99ae6f6a) Importer(815301076,1909f56bfc062723c751e8b465ee728b)  -> (artifact id: 'e82ee907a9ba01857a44e01d45929b26') in 0.013905 seconds
Number of updated asset objects reloaded before import = 0
Number of asset objects unloaded after import = 2
========================================================================
Received Import Request.
  Time since last request: 0.000171 seconds.
  path: Assets/Assets/Day-Night Skyboxes/Textures/SkyAfterNoon_Back.png
  artifactKey: Guid(c01c0eb1cbd649e44a59f130b953a379) Importer(815301076,1909f56bfc062723c751e8b465ee728b)
Start importing Assets/Assets/Day-Night Skyboxes/Textures/SkyAfterNoon_Back.png using Guid(c01c0eb1cbd649e44a59f130b953a379) Importer(815301076,1909f56bfc062723c751e8b465ee728b)  -> (artifact id: '16182804e4289f068ebf7fbbcec69d79') in 0.013301 seconds
Number of updated asset objects reloaded before import = 0
Number of asset objects unloaded after import = 2
========================================================================
Received Import Request.
  Time since last request: 0.000013 seconds.
  path: Assets/AstarPathfindingProject/Editor/EditorAssets/LightSkin/reset_normal.png
  artifactKey: Guid(fb3e1d793e4f0459f8b913d0d2d76e6c) Importer(815301076,1909f56bfc062723c751e8b465ee728b)
Start importing Assets/AstarPathfindingProject/Editor/EditorAssets/LightSkin/reset_normal.png using Guid(fb3e1d793e4f0459f8b913d0d2d76e6c) Importer(815301076,1909f56bfc062723c751e8b465ee728b)  -> (artifact id: '96d41b011909404a3970684191b4c188') in 0.011771 seconds
Number of updated asset objects reloaded before import = 0
Number of asset objects unloaded after import = 2
========================================================================
Received Import Request.
  Time since last request: 0.000013 seconds.
  path: Assets/Assets/Day-Night Skyboxes/Textures/SkyAfterNoon_Right.png
  artifactKey: Guid(811d583fb21e7a147a32350476c9b9b5) Importer(815301076,1909f56bfc062723c751e8b465ee728b)
Start importing Assets/Assets/Day-Night Skyboxes/Textures/SkyAfterNoon_Right.png using Guid(811d583fb21e7a147a32350476c9b9b5) Importer(815301076,1909f56bfc062723c751e8b465ee728b)  -> (artifact id: '5e431c3f2ff2244dd8a49697ba8b7b5a') in 0.036095 seconds
Number of updated asset objects reloaded before import = 0
Number of asset objects unloaded after import = 2
========================================================================
Received Import Request.
  Time since last request: 0.000036 seconds.
  path: Assets/AstarPathfindingProject/ExampleScenes/Prefabs/MineBot/Materials/Minebot.tif
  artifactKey: Guid(d7ab2029fbe34d0499a26f57de1f51d6) Importer(815301076,1909f56bfc062723c751e8b465ee728b)
Start importing Assets/AstarPathfindingProject/ExampleScenes/Prefabs/MineBot/Materials/Minebot.tif using Guid(d7ab2029fbe34d0499a26f57de1f51d6) Importer(815301076,1909f56bfc062723c751e8b465ee728b)  -> (artifact id: '7b946ef0cb593865b850a65676992280') in 0.012494 seconds
Number of updated asset objects reloaded before import = 0
Number of asset objects unloaded after import = 2
========================================================================
Received Import Request.
  Time since last request: 0.006344 seconds.
  path: Assets/AstarPathfindingProject/Editor/EditorAssets/scene_box@2x.png
  artifactKey: Guid(f834e7df6f42446b59c83dca1e5bd098) Importer(815301076,1909f56bfc062723c751e8b465ee728b)
Start importing Assets/AstarPathfindingProject/Editor/EditorAssets/scene_box@2x.png using Guid(f834e7df6f42446b59c83dca1e5bd098) Importer(815301076,1909f56bfc062723c751e8b465ee728b)  -> (artifact id: 'e08ac6304a162fe9135c8c6ca4d6dd41') in 0.012210 seconds
Number of updated asset objects reloaded before import = 0
Number of asset objects unloaded after import = 2
========================================================================
Received Import Request.
  Time since last request: 0.000016 seconds.
  path: Assets/AstarPathfindingProject/Editor/EditorAssets/DarkSkin/lock_closed@2x.png
  artifactKey: Guid(6c38830c1556942fcb6ce893085d1daa) Importer(815301076,1909f56bfc062723c751e8b465ee728b)
Start importing Assets/AstarPathfindingProject/Editor/EditorAssets/DarkSkin/lock_closed@2x.png using Guid(6c38830c1556942fcb6ce893085d1daa) Importer(815301076,1909f56bfc062723c751e8b465ee728b)  -> (artifact id: 'f323b5c989c2f98425b0f4bf274ea2b1') in 0.012416 seconds
Number of updated asset objects reloaded before import = 0
Number of asset objects unloaded after import = 2
========================================================================
Received Import Request.
  Time since last request: 0.000124 seconds.
  path: Assets/AstarPathfindingProject/Editor/EditorAssets/LightSkin/lock_closed@2x.png
  artifactKey: Guid(7b229d059f89d49918aec1466c0c5819) Importer(815301076,1909f56bfc062723c751e8b465ee728b)
Start importing Assets/AstarPathfindingProject/Editor/EditorAssets/LightSkin/lock_closed@2x.png using Guid(7b229d059f89d49918aec1466c0c5819) Importer(815301076,1909f56bfc062723c751e8b465ee728b)  -> (artifact id: '418cfaaed04994fc0997bc64924df42e') in 0.043451 seconds
Number of updated asset objects reloaded before import = 0
Number of asset objects unloaded after import = 2
========================================================================
Received Import Request.
  Time since last request: 0.000018 seconds.
  path: Assets/AstarPathfindingProject/Editor/EditorAssets/LightSkin/lock_closed@1x.png
  artifactKey: Guid(5e0cd84e9d84642ac883c25ca8d667ac) Importer(815301076,1909f56bfc062723c751e8b465ee728b)
Start importing Assets/AstarPathfindingProject/Editor/EditorAssets/LightSkin/lock_closed@1x.png using Guid(5e0cd84e9d84642ac883c25ca8d667ac) Importer(815301076,1909f56bfc062723c751e8b465ee728b)  -> (artifact id: '59b0f77d5dffd0c364e4e6ee104e2861') in 0.012639 seconds
Number of updated asset objects reloaded before import = 0
Number of asset objects unloaded after import = 2
========================================================================
Received Import Request.
  Time since last request: 0.000019 seconds.
  path: Assets/TextMesh Pro/Resources/Fonts & Materials/LiberationSans SDF - Fallback.asset
  artifactKey: Guid(2e498d1c8094910479dc3e1b768306a4) Importer(815301076,1909f56bfc062723c751e8b465ee728b)
Start importing Assets/TextMesh Pro/Resources/Fonts & Materials/LiberationSans SDF - Fallback.asset using Guid(2e498d1c8094910479dc3e1b768306a4) Importer(815301076,1909f56bfc062723c751e8b465ee728b)  -> (artifact id: 'b25dfaaf907301a579a3901e93d7b326') in 0.091451 seconds
Number of updated asset objects reloaded before import = 0
Number of asset objects unloaded after import = 6
========================================================================
Received Import Request.
  Time since last request: 0.000027 seconds.
  path: Assets/AstarPathfindingProject/Editor/EditorAssets/images/gridPivotSelect_Normal.png
  artifactKey: Guid(9de7a15ab4e1d48da9861247bc34226d) Importer(815301076,1909f56bfc062723c751e8b465ee728b)
Start importing Assets/AstarPathfindingProject/Editor/EditorAssets/images/gridPivotSelect_Normal.png using Guid(9de7a15ab4e1d48da9861247bc34226d) Importer(815301076,1909f56bfc062723c751e8b465ee728b)  -> (artifact id: 'b97e454c68e0b13fd94a1f32cecf236f') in 0.011801 seconds
Number of updated asset objects reloaded before import = 0
Number of asset objects unloaded after import = 2
========================================================================
Received Import Request.
  Time since last request: 0.000032 seconds.
  path: Assets/AstarPathfindingProject/Resources/handles_aaline.png
  artifactKey: Guid(2bdd62a589f28e83fb8c3eabe0cd1652) Importer(815301076,1909f56bfc062723c751e8b465ee728b)
Start importing Assets/AstarPathfindingProject/Resources/handles_aaline.png using Guid(2bdd62a589f28e83fb8c3eabe0cd1652) Importer(815301076,1909f56bfc062723c751e8b465ee728b)  -> (artifact id: '9a2a26964ae8f2cff7ebd03e5b3c7de6') in 0.020019 seconds
Number of updated asset objects reloaded before import = 0
Number of asset objects unloaded after import = 2
========================================================================
Received Import Request.
  Time since last request: 0.000661 seconds.
  path: Assets/AstarPathfindingProject/Editor/EditorAssets/DarkSkin/images/gridPivotSelect_Normal.png
  artifactKey: Guid(37972c32346084c13bfddb8c3dbed143) Importer(815301076,1909f56bfc062723c751e8b465ee728b)
Start importing Assets/AstarPathfindingProject/Editor/EditorAssets/DarkSkin/images/gridPivotSelect_Normal.png using Guid(37972c32346084c13bfddb8c3dbed143) Importer(815301076,1909f56bfc062723c751e8b465ee728b)  -> (artifact id: '9d79223ea6e908c6f8292b909aa3bfd0') in 0.013400 seconds
Number of updated asset objects reloaded before import = 0
Number of asset objects unloaded after import = 2
========================================================================
Received Import Request.
  Time since last request: 0.000028 seconds.
  path: Assets/Assets/Day-Night Skyboxes/Textures/SkyEarlyDusk_Top.png
  artifactKey: Guid(9d95a22c05b30774fa8556489f0c5561) Importer(815301076,1909f56bfc062723c751e8b465ee728b)
Start importing Assets/Assets/Day-Night Skyboxes/Textures/SkyEarlyDusk_Top.png using Guid(9d95a22c05b30774fa8556489f0c5561) Importer(815301076,1909f56bfc062723c751e8b465ee728b)  -> (artifact id: '29ff653cafb33b7f9e29b052792bf6da') in 0.020946 seconds
Number of updated asset objects reloaded before import = 0
Number of asset objects unloaded after import = 2
========================================================================
Received Import Request.
  Time since last request: 0.000015 seconds.
  path: Assets/AstarPathfindingProject/Editor/EditorAssets/DarkSkin/pixelBox3@2x.png
  artifactKey: Guid(9043fef44c60647b7a763eb86f912ba1) Importer(815301076,1909f56bfc062723c751e8b465ee728b)
Start importing Assets/AstarPathfindingProject/Editor/EditorAssets/DarkSkin/pixelBox3@2x.png using Guid(9043fef44c60647b7a763eb86f912ba1) Importer(815301076,1909f56bfc062723c751e8b465ee728b)  -> (artifact id: '9a3cd2ea4722c5117af30202238c018c') in 0.029816 seconds
Number of updated asset objects reloaded before import = 0
Number of asset objects unloaded after import = 2
========================================================================
Received Import Request.
  Time since last request: 0.000018 seconds.
  path: Assets/AstarPathfindingProject/Editor/EditorAssets/LightSkin/hex_diameter@2x.png
  artifactKey: Guid(5a358b45ec6c34f20b9f792e1f259b4f) Importer(815301076,1909f56bfc062723c751e8b465ee728b)
Start importing Assets/AstarPathfindingProject/Editor/EditorAssets/LightSkin/hex_diameter@2x.png using Guid(5a358b45ec6c34f20b9f792e1f259b4f) Importer(815301076,1909f56bfc062723c751e8b465ee728b)  -> (artifact id: '0cd4d6d9375cf06d1e4c5595c36ab52d') in 0.012521 seconds
Number of updated asset objects reloaded before import = 0
Number of asset objects unloaded after import = 2
========================================================================
Received Import Request.
  Time since last request: 0.000014 seconds.
  path: Assets/Assets/Day-Night Skyboxes/Textures/SkyBrightMorning_Front.png
  artifactKey: Guid(57167e32cb5ff7d459d9609721381501) Importer(815301076,1909f56bfc062723c751e8b465ee728b)
Start importing Assets/Assets/Day-Night Skyboxes/Textures/SkyBrightMorning_Front.png using Guid(57167e32cb5ff7d459d9609721381501) Importer(815301076,1909f56bfc062723c751e8b465ee728b)  -> (artifact id: '29efc879395b63cad5d1223319d19765') in 0.012952 seconds
Number of updated asset objects reloaded before import = 0
Number of asset objects unloaded after import = 2
========================================================================
Received Import Request.
  Time since last request: 0.000015 seconds.
  path: Assets/Assets/Day-Night Skyboxes/Textures/SkyCloudy_Bottom.png
  artifactKey: Guid(02a96a4cf316be246a590957eaa06cbc) Importer(815301076,1909f56bfc062723c751e8b465ee728b)
Start importing Assets/Assets/Day-Night Skyboxes/Textures/SkyCloudy_Bottom.png using Guid(02a96a4cf316be246a590957eaa06cbc) Importer(815301076,1909f56bfc062723c751e8b465ee728b)  -> (artifact id: '8f0dace86e8fe45bbc6defd92891e485') in 0.012259 seconds
Number of updated asset objects reloaded before import = 0
Number of asset objects unloaded after import = 2
========================================================================
Received Import Request.
  Time since last request: 0.000101 seconds.
  path: Assets/AstarPathfindingProject/Editor/EditorAssets/Materials/line_falloff_1px.png
  artifactKey: Guid(6267c94129d874d7bafe507aa753046a) Importer(815301076,1909f56bfc062723c751e8b465ee728b)
Start importing Assets/AstarPathfindingProject/Editor/EditorAssets/Materials/line_falloff_1px.png using Guid(6267c94129d874d7bafe507aa753046a) Importer(815301076,1909f56bfc062723c751e8b465ee728b)  -> (artifact id: '33833f29a463fec9d67b61329ff7bf72') in 0.009967 seconds
Number of updated asset objects reloaded before import = 0
Number of asset objects unloaded after import = 2
========================================================================
Received Import Request.
  Time since last request: 0.000064 seconds.
  path: Assets/AstarPathfindingProject/Editor/EditorAssets/LightSkin/infoButton_active@2x.png
  artifactKey: Guid(8acb97c3fcc694bf3b7d33b1ff321337) Importer(815301076,1909f56bfc062723c751e8b465ee728b)
Start importing Assets/AstarPathfindingProject/Editor/EditorAssets/LightSkin/infoButton_active@2x.png using Guid(8acb97c3fcc694bf3b7d33b1ff321337) Importer(815301076,1909f56bfc062723c751e8b465ee728b)  -> (artifact id: '4dd23d050b92951d4f829b53a796beaf') in 0.011485 seconds
Number of updated asset objects reloaded before import = 0
Number of asset objects unloaded after import = 2
========================================================================
Received Import Request.
  Time since last request: 0.000018 seconds.
  path: Assets/Assets/Day-Night Skyboxes/Textures/SkyHole_Left.png
  artifactKey: Guid(290f12ad67dd9334fae83c3cf6670a73) Importer(815301076,1909f56bfc062723c751e8b465ee728b)
Start importing Assets/Assets/Day-Night Skyboxes/Textures/SkyHole_Left.png using Guid(290f12ad67dd9334fae83c3cf6670a73) Importer(815301076,1909f56bfc062723c751e8b465ee728b)  -> (artifact id: '45b6e75b7137082145866847edc3d231') in 0.033407 seconds
Number of updated asset objects reloaded before import = 0
Number of asset objects unloaded after import = 2
========================================================================
Received Import Request.
  Time since last request: 0.000015 seconds.
  path: Assets/Prefabs/MONTER/MonsterTexture222.png
  artifactKey: Guid(24c8578a6d1433b419d6a33a3f37cbde) Importer(815301076,1909f56bfc062723c751e8b465ee728b)
Start importing Assets/Prefabs/MONTER/MonsterTexture222.png using Guid(24c8578a6d1433b419d6a33a3f37cbde) Importer(815301076,1909f56bfc062723c751e8b465ee728b)  -> (artifact id: '9b7e8379fcdae6a43e224243e6bd2613') in 0.014427 seconds
Number of updated asset objects reloaded before import = 0
Number of asset objects unloaded after import = 2
========================================================================
Received Import Request.
  Time since last request: 0.000020 seconds.
  path: Assets/AstarPathfindingProject/Editor/EditorAssets/images/gridPivotSelect.png
  artifactKey: Guid(b593db43606434498a7200f8281297d8) Importer(815301076,1909f56bfc062723c751e8b465ee728b)
Start importing Assets/AstarPathfindingProject/Editor/EditorAssets/images/gridPivotSelect.png using Guid(b593db43606434498a7200f8281297d8) Importer(815301076,1909f56bfc062723c751e8b465ee728b)  -> (artifact id: 'a210ba98c3c7b7d93f5a1a3c8af898c0') in 0.012889 seconds
Number of updated asset objects reloaded before import = 0
Number of asset objects unloaded after import = 2
========================================================================
Received Import Request.
  Time since last request: 0.000015 seconds.
  path: Assets/AstarPathfindingProject/Editor/EditorAssets/LightSkin/gizmoButton_on@1x.png
  artifactKey: Guid(455f4fe795672465c8a4e8db3c6b9ccb) Importer(815301076,1909f56bfc062723c751e8b465ee728b)
Start importing Assets/AstarPathfindingProject/Editor/EditorAssets/LightSkin/gizmoButton_on@1x.png using Guid(455f4fe795672465c8a4e8db3c6b9ccb) Importer(815301076,1909f56bfc062723c751e8b465ee728b)  -> (artifact id: '1e18ff1b9b2353766f8789d56fcde37f') in 0.019837 seconds
Number of updated asset objects reloaded before import = 0
Number of asset objects unloaded after import = 2
========================================================================
Received Import Request.
  Time since last request: 0.000027 seconds.
  path: Assets/AstarPathfindingProject/Editor/EditorAssets/DarkSkin/hex_diameter@1x.png
  artifactKey: Guid(aec40eb6c450c4bdea484100ff9fb9a4) Importer(815301076,1909f56bfc062723c751e8b465ee728b)
Start importing Assets/AstarPathfindingProject/Editor/EditorAssets/DarkSkin/hex_diameter@1x.png using Guid(aec40eb6c450c4bdea484100ff9fb9a4) Importer(815301076,1909f56bfc062723c751e8b465ee728b)  -> (artifact id: '347f20cf9a34b45d898c211458978adf') in 0.057172 seconds
Number of updated asset objects reloaded before import = 0
Number of asset objects unloaded after import = 2
========================================================================
Received Import Request.
  Time since last request: 0.000015 seconds.
  path: Assets/AstarPathfindingProject/Editor/EditorAssets/DarkSkin/images/gridPivotSelect.png
  artifactKey: Guid(5006aa4ede39e49198b851d98e267b5d) Importer(815301076,1909f56bfc062723c751e8b465ee728b)
Start importing Assets/AstarPathfindingProject/Editor/EditorAssets/DarkSkin/images/gridPivotSelect.png using Guid(5006aa4ede39e49198b851d98e267b5d) Importer(815301076,1909f56bfc062723c751e8b465ee728b)  -> (artifact id: '7c72bd79dba9f4fa62cc8c0f4d434d4f') in 0.014688 seconds
Number of updated asset objects reloaded before import = 0
Number of asset objects unloaded after import = 2
========================================================================
Received Import Request.
  Time since last request: 0.000014 seconds.
  path: Assets/Prefabs/Player/HatTexture22.png
  artifactKey: Guid(ff2c438532969de44a46902058814d52) Importer(815301076,1909f56bfc062723c751e8b465ee728b)
Start importing Assets/Prefabs/Player/HatTexture22.png using Guid(ff2c438532969de44a46902058814d52) Importer(815301076,1909f56bfc062723c751e8b465ee728b)  -> (artifact id: '44afb4b34dc6f944a1e33aa8d8cd1ff7') in 0.032013 seconds
Number of updated asset objects reloaded before import = 0
Number of asset objects unloaded after import = 2
========================================================================
Received Import Request.
  Time since last request: 0.000030 seconds.
  path: Assets/AstarPathfindingProject/Editor/EditorAssets/LightSkin/gizmoButton_off@2x.png
  artifactKey: Guid(deb2afb942c3b42fbba8823da7f05894) Importer(815301076,1909f56bfc062723c751e8b465ee728b)
Start importing Assets/AstarPathfindingProject/Editor/EditorAssets/LightSkin/gizmoButton_off@2x.png using Guid(deb2afb942c3b42fbba8823da7f05894) Importer(815301076,1909f56bfc062723c751e8b465ee728b)  -> (artifact id: '28bd94847b0db18e75c80a609638c4d2') in 0.012476 seconds
Number of updated asset objects reloaded before import = 0
Number of asset objects unloaded after import = 2
========================================================================
Received Import Request.
  Time since last request: 0.000037 seconds.
  path: Assets/AstarPathfindingProject/Editor/EditorAssets/DarkSkin/infoButton@2x.png
  artifactKey: Guid(623f6adf01f324cb7bc6aefe7f87d623) Importer(815301076,1909f56bfc062723c751e8b465ee728b)
Start importing Assets/AstarPathfindingProject/Editor/EditorAssets/DarkSkin/infoButton@2x.png using Guid(623f6adf01f324cb7bc6aefe7f87d623) Importer(815301076,1909f56bfc062723c751e8b465ee728b)  -> (artifact id: 'dc27749658083280a04ac31aa367e347') in 0.018577 seconds
Number of updated asset objects reloaded before import = 0
Number of asset objects unloaded after import = 2
========================================================================
Received Import Request.
  Time since last request: 0.000017 seconds.
  path: Assets/AstarPathfindingProject/Editor/EditorAssets/LightSkin/hex_diameter@1x.png
  artifactKey: Guid(b1817d211ea3547f088cddf76f3e6647) Importer(815301076,1909f56bfc062723c751e8b465ee728b)
Start importing Assets/AstarPathfindingProject/Editor/EditorAssets/LightSkin/hex_diameter@1x.png using Guid(b1817d211ea3547f088cddf76f3e6647) Importer(815301076,1909f56bfc062723c751e8b465ee728b)  -> (artifact id: 'e7b34cad2154224d82dc47c00a4fa9b5') in 0.013995 seconds
Number of updated asset objects reloaded before import = 0
Number of asset objects unloaded after import = 2
========================================================================
Received Import Request.
  Time since last request: 0.000018 seconds.
  path: Assets/Prefabs/Player/Player_ColorPallete.png
  artifactKey: Guid(e60c149cc62776c45b40cbb3fe01f94d) Importer(815301076,1909f56bfc062723c751e8b465ee728b)
Start importing Assets/Prefabs/Player/Player_ColorPallete.png using Guid(e60c149cc62776c45b40cbb3fe01f94d) Importer(815301076,1909f56bfc062723c751e8b465ee728b)  -> (artifact id: '06f8aff8e7a50fe05a8cc59298962319') in 0.031521 seconds
Number of updated asset objects reloaded before import = 0
Number of asset objects unloaded after import = 2
========================================================================
Received Import Request.
  Time since last request: 0.000044 seconds.
  path: Assets/AstarPathfindingProject/Editor/EditorAssets/DarkSkin/lock_open@2x.png
  artifactKey: Guid(957d0fd6ae3494da9aed50c5d7d7ce4e) Importer(815301076,1909f56bfc062723c751e8b465ee728b)
Start importing Assets/AstarPathfindingProject/Editor/EditorAssets/DarkSkin/lock_open@2x.png using Guid(957d0fd6ae3494da9aed50c5d7d7ce4e) Importer(815301076,1909f56bfc062723c751e8b465ee728b)  -> (artifact id: 'cb521fe4858f6f18a61a450c01e48497') in 0.011738 seconds
Number of updated asset objects reloaded before import = 0
Number of asset objects unloaded after import = 2
========================================================================
Received Import Request.
  Time since last request: 0.000013 seconds.
  path: Assets/AstarPathfindingProject/Editor/EditorAssets/scene_box@1x.png
  artifactKey: Guid(a4bb5812f98bf40a68d9c1a69ad860cb) Importer(815301076,1909f56bfc062723c751e8b465ee728b)
Start importing Assets/AstarPathfindingProject/Editor/EditorAssets/scene_box@1x.png using Guid(a4bb5812f98bf40a68d9c1a69ad860cb) Importer(815301076,1909f56bfc062723c751e8b465ee728b)  -> (artifact id: '2ae4c990d47695a0662ff418d8f2b292') in 0.011417 seconds
Number of updated asset objects reloaded before import = 0
Number of asset objects unloaded after import = 2
========================================================================
Received Import Request.
  Time since last request: 0.000034 seconds.
  path: Assets/AstarPathfindingProject/Editor/EditorAssets/DarkSkin/infoButton@1x.png
  artifactKey: Guid(1986ec06d68774254928f44b896a3913) Importer(815301076,1909f56bfc062723c751e8b465ee728b)
Start importing Assets/AstarPathfindingProject/Editor/EditorAssets/DarkSkin/infoButton@1x.png using Guid(1986ec06d68774254928f44b896a3913) Importer(815301076,1909f56bfc062723c751e8b465ee728b)  -> (artifact id: '93000a5f83fd190fffd5eae55ec29c6a') in 0.016778 seconds
Number of updated asset objects reloaded before import = 0
Number of asset objects unloaded after import = 2
========================================================================
Received Import Request.
  Time since last request: 0.000067 seconds.
  path: Assets/AstarPathfindingProject/Editor/EditorAssets/DarkSkin/hex_width@1x.png
  artifactKey: Guid(43a4af66a8c594a2daa4744ed77da2dd) Importer(815301076,1909f56bfc062723c751e8b465ee728b)
Start importing Assets/AstarPathfindingProject/Editor/EditorAssets/DarkSkin/hex_width@1x.png using Guid(43a4af66a8c594a2daa4744ed77da2dd) Importer(815301076,1909f56bfc062723c751e8b465ee728b)  -> (artifact id: 'f47db6270292f61c18a350af7cb83f5e') in 0.036255 seconds
Number of updated asset objects reloaded before import = 0
Number of asset objects unloaded after import = 2
========================================================================
Received Import Request.
  Time since last request: 0.000024 seconds.
  path: Assets/AstarPathfindingProject/Editor/EditorAssets/LightSkin/infoButton_active@1x.png
  artifactKey: Guid(7604699b5bc8f4343b03cc4d0b603403) Importer(815301076,1909f56bfc062723c751e8b465ee728b)
Start importing Assets/AstarPathfindingProject/Editor/EditorAssets/LightSkin/infoButton_active@1x.png using Guid(7604699b5bc8f4343b03cc4d0b603403) Importer(815301076,1909f56bfc062723c751e8b465ee728b)  -> (artifact id: 'd475ba340ad5b1d69133918ad6c6a9c0') in 0.023247 seconds
Number of updated asset objects reloaded before import = 0
Number of asset objects unloaded after import = 2
========================================================================
Received Import Request.
  Time since last request: 0.000034 seconds.
  path: Assets/AstarPathfindingProject/Editor/EditorAssets/DarkSkin/gizmoButton_off@2x.png
  artifactKey: Guid(3772050cdbd2a472789aa76d6de5b270) Importer(815301076,1909f56bfc062723c751e8b465ee728b)
Start importing Assets/AstarPathfindingProject/Editor/EditorAssets/DarkSkin/gizmoButton_off@2x.png using Guid(3772050cdbd2a472789aa76d6de5b270) Importer(815301076,1909f56bfc062723c751e8b465ee728b)  -> (artifact id: '6681b34267d4c9399f4907c889eb1406') in 0.012295 seconds
Number of updated asset objects reloaded before import = 0
Number of asset objects unloaded after import = 2
========================================================================
Received Import Request.
  Time since last request: 0.000018 seconds.
  path: Assets/AstarPathfindingProject/Editor/EditorAssets/DarkSkin/gridPivotSelect.png
  artifactKey: Guid(11b8d44fcb3cf4c048a576df708e0ec6) Importer(815301076,1909f56bfc062723c751e8b465ee728b)
Start importing Assets/AstarPathfindingProject/Editor/EditorAssets/DarkSkin/gridPivotSelect.png using Guid(11b8d44fcb3cf4c048a576df708e0ec6) Importer(815301076,1909f56bfc062723c751e8b465ee728b)  -> (artifact id: 'cc5cde6f380b207e78a29112df13e248') in 0.010387 seconds
Number of updated asset objects reloaded before import = 0
Number of asset objects unloaded after import = 2
========================================================================
Received Import Request.
  Time since last request: 0.000015 seconds.
  path: Assets/AstarPathfindingProject/Editor/EditorAssets/DarkSkin/gizmoButton_on@2x.png
  artifactKey: Guid(a454b67ef7bd04780aca99e364202679) Importer(815301076,1909f56bfc062723c751e8b465ee728b)
Start importing Assets/AstarPathfindingProject/Editor/EditorAssets/DarkSkin/gizmoButton_on@2x.png using Guid(a454b67ef7bd04780aca99e364202679) Importer(815301076,1909f56bfc062723c751e8b465ee728b)  -> (artifact id: '6da466f98f866acc52784b87fb2a06b6') in 0.010340 seconds
Number of updated asset objects reloaded before import = 0
Number of asset objects unloaded after import = 2
========================================================================
Received Import Request.
  Time since last request: 0.000030 seconds.
  path: Assets/AstarPathfindingProject/Editor/EditorAssets/LightSkin/infoButton@2x.png
  artifactKey: Guid(7ef0e648811f14f65b69c2df3f27de11) Importer(815301076,1909f56bfc062723c751e8b465ee728b)
Start importing Assets/AstarPathfindingProject/Editor/EditorAssets/LightSkin/infoButton@2x.png using Guid(7ef0e648811f14f65b69c2df3f27de11) Importer(815301076,1909f56bfc062723c751e8b465ee728b)  -> (artifact id: '55cde82ee67f87c0ca601fe447a350cb') in 0.011621 seconds
Number of updated asset objects reloaded before import = 0
Number of asset objects unloaded after import = 2
========================================================================
Received Import Request.
  Time since last request: 0.000014 seconds.
  path: Assets/AstarPathfindingProject/Editor/EditorAssets/DarkSkin/headerBackground.png
  artifactKey: Guid(db5b85df63e094a1c96f11019bccc577) Importer(815301076,1909f56bfc062723c751e8b465ee728b)
Start importing Assets/AstarPathfindingProject/Editor/EditorAssets/DarkSkin/headerBackground.png using Guid(db5b85df63e094a1c96f11019bccc577) Importer(815301076,1909f56bfc062723c751e8b465ee728b)  -> (artifact id: 'e9979ef8a23d8c27bfa36fad6f9879aa') in 0.010494 seconds
Number of updated asset objects reloaded before import = 0
Number of asset objects unloaded after import = 2
========================================================================
Received Import Request.
  Time since last request: 0.000018 seconds.
  path: Assets/Assets/Day-Night Skyboxes/Textures/SkyAfterNoon_Left.png
  artifactKey: Guid(969ef861056a05940ba9123d15486191) Importer(815301076,1909f56bfc062723c751e8b465ee728b)
Start importing Assets/Assets/Day-Night Skyboxes/Textures/SkyAfterNoon_Left.png using Guid(969ef861056a05940ba9123d15486191) Importer(815301076,1909f56bfc062723c751e8b465ee728b)  -> (artifact id: '5fb21955bd4a0629bec0958671aa85c9') in 0.015843 seconds
Number of updated asset objects reloaded before import = 0
Number of asset objects unloaded after import = 2
========================================================================
Received Import Request.
  Time since last request: 0.000017 seconds.
  path: Assets/AstarPathfindingProject/Editor/EditorAssets/LightSkin/hex_width@2x.png
  artifactKey: Guid(6010a63a238ef4899872fe5bd998dbb5) Importer(815301076,1909f56bfc062723c751e8b465ee728b)
Start importing Assets/AstarPathfindingProject/Editor/EditorAssets/LightSkin/hex_width@2x.png using Guid(6010a63a238ef4899872fe5bd998dbb5) Importer(815301076,1909f56bfc062723c751e8b465ee728b)  -> (artifact id: '8394284a6b112a02c2d697a4f45c7f6a') in 0.011848 seconds
Number of updated asset objects reloaded before import = 0
Number of asset objects unloaded after import = 2
========================================================================
Received Import Request.
  Time since last request: 0.000017 seconds.
  path: Assets/AstarPathfindingProject/ExampleScenes/Prefabs/MineBot/Materials/Minebot_NRM.tif
  artifactKey: Guid(7cec4fc9f20c5e145941cf016d68ff64) Importer(815301076,1909f56bfc062723c751e8b465ee728b)
Start importing Assets/AstarPathfindingProject/ExampleScenes/Prefabs/MineBot/Materials/Minebot_NRM.tif using Guid(7cec4fc9f20c5e145941cf016d68ff64) Importer(815301076,1909f56bfc062723c751e8b465ee728b)  -> (artifact id: 'da9f235aaf36e7e4db5ec2c75ba43b94') in 0.021472 seconds
Number of updated asset objects reloaded before import = 0
Number of asset objects unloaded after import = 2
========================================================================
Received Import Request.
  Time since last request: 0.000020 seconds.
  path: Assets/AstarPathfindingProject/Editor/EditorAssets/LightSkin/lock_open@2x.png
  artifactKey: Guid(d04d4a88875f842c88825d3d5b2b529c) Importer(815301076,1909f56bfc062723c751e8b465ee728b)
Start importing Assets/AstarPathfindingProject/Editor/EditorAssets/LightSkin/lock_open@2x.png using Guid(d04d4a88875f842c88825d3d5b2b529c) Importer(815301076,1909f56bfc062723c751e8b465ee728b)  -> (artifact id: 'b7bc0eaa9040b8fd1825666c003aa163') in 0.013485 seconds
Number of updated asset objects reloaded before import = 0
Number of asset objects unloaded after import = 2
========================================================================
Received Import Request.
  Time since last request: 0.000017 seconds.
  path: Assets/Assets/Day-Night Skyboxes/Textures/SkyEarlyDusk_Right.png
  artifactKey: Guid(a8bbea5efbf70dc45a0dd6325430062f) Importer(815301076,1909f56bfc062723c751e8b465ee728b)
Start importing Assets/Assets/Day-Night Skyboxes/Textures/SkyEarlyDusk_Right.png using Guid(a8bbea5efbf70dc45a0dd6325430062f) Importer(815301076,1909f56bfc062723c751e8b465ee728b)  -> (artifact id: '33207e31ef3d89282244ea293dfefb56') in 0.013381 seconds
Number of updated asset objects reloaded before import = 0
Number of asset objects unloaded after import = 2
========================================================================
Received Import Request.
  Time since last request: 0.000021 seconds.
  path: Assets/AstarPathfindingProject/Editor/EditorAssets/DarkSkin/images/gridPivotSelect_On.png
  artifactKey: Guid(7ea4fc739ffbb4af1a466f655bf1d178) Importer(815301076,1909f56bfc062723c751e8b465ee728b)
Start importing Assets/AstarPathfindingProject/Editor/EditorAssets/DarkSkin/images/gridPivotSelect_On.png using Guid(7ea4fc739ffbb4af1a466f655bf1d178) Importer(815301076,1909f56bfc062723c751e8b465ee728b)  -> (artifact id: 'acdf459c5c0c384ac107cd8691d801f1') in 0.011630 seconds
Number of updated asset objects reloaded before import = 0
Number of asset objects unloaded after import = 2
========================================================================
Received Import Request.
  Time since last request: 0.000071 seconds.
  path: Assets/Assets/Day-Night Skyboxes/Textures/SkyCloudy_Right.png
  artifactKey: Guid(d5618a43493f3e144a6ad0c0d17d335e) Importer(815301076,1909f56bfc062723c751e8b465ee728b)
Start importing Assets/Assets/Day-Night Skyboxes/Textures/SkyCloudy_Right.png using Guid(d5618a43493f3e144a6ad0c0d17d335e) Importer(815301076,1909f56bfc062723c751e8b465ee728b)  -> (artifact id: '9f1e3b33b7fad16eb1c87023a7a4cca6') in 0.015076 seconds
Number of updated asset objects reloaded before import = 0
Number of asset objects unloaded after import = 2
========================================================================
Received Import Request.
  Time since last request: 0.000021 seconds.
  path: Assets/AstarPathfindingProject/Editor/EditorAssets/images/gridPivotSelect_On.png
  artifactKey: Guid(3d11311e97436432e897a4bd0b5fbfac) Importer(815301076,1909f56bfc062723c751e8b465ee728b)
Start importing Assets/AstarPathfindingProject/Editor/EditorAssets/images/gridPivotSelect_On.png using Guid(3d11311e97436432e897a4bd0b5fbfac) Importer(815301076,1909f56bfc062723c751e8b465ee728b)  -> (artifact id: 'dcb39c3a74f69b709cf762304bd7d044') in 0.012833 seconds
Number of updated asset objects reloaded before import = 0
Number of asset objects unloaded after import = 2
========================================================================
Received Import Request.
  Time since last request: 820.519601 seconds.
  path: Assets/Scripts
  artifactKey: Guid(6afa8a6e70f94f842b0c72201d578f41) Importer(815301076,1909f56bfc062723c751e8b465ee728b)
Start importing Assets/Scripts using Guid(6afa8a6e70f94f842b0c72201d578f41) Importer(815301076,1909f56bfc062723c751e8b465ee728b)  -> (artifact id: '4f1d379b172c59f278f86831b61a1154') in 0.000862 seconds
Number of updated asset objects reloaded before import = 0
Number of asset objects unloaded after import = 0
========================================================================
Received Import Request.
  Time since last request: 10.060184 seconds.
  path: Assets/Scripts/Minimapa.cs
  artifactKey: Guid(dc41f42f3765eed498c0a813845f9ba1) Importer(815301076,1909f56bfc062723c751e8b465ee728b)
Start importing Assets/Scripts/Minimapa.cs using Guid(dc41f42f3765eed498c0a813845f9ba1) Importer(815301076,1909f56bfc062723c751e8b465ee728b)  -> (artifact id: 'f95381b7cc7658d5738d166ddf51d3fa') in 0.000427 seconds
Number of updated asset objects reloaded before import = 0
Number of asset objects unloaded after import = 0
========================================================================
Received Prepare
Begin MonoManager ReloadAssembly
Symbol file LoadedFromMemory doesn't match image D:\Projectos unity\El Alma de la Jungla\Library\PackageCache\com.unity.visualscripting@1.8.0\Editor\VisualScripting.Core\Dependencies\YamlDotNet\Unity.VisualScripting.YamlDotNet.dll
Symbol file LoadedFromMemory doesn't match image D:\Projectos unity\El Alma de la Jungla\Library\PackageCache\com.unity.visualscripting@1.8.0\Editor\VisualScripting.Core\Dependencies\DotNetZip\Unity.VisualScripting.IonicZip.dll
- Loaded All Assemblies, in  0.720 seconds
Refreshing native plugins compatible for Editor in 2.74 ms, found 3 plugins.
Native extension for WindowsStandalone target not found
[Package Manager] Server::EnsureServerProcessIsRunning -- launch failed, reason: Unity was launched with the -noUpm command-line argument
[Package Manager] UpmClient::Send -- Unable to send message (not connected to UPM process).
[Package Manager] Cannot connect to Unity Package Manager local server
Mono: successfully reloaded assembly
- Finished resetting the current domain, in  1.020 seconds
Domain Reload Profiling: 1740ms
	BeginReloadAssembly (177ms)
		ExecutionOrderSort (0ms)
		DisableScriptedObjects (5ms)
		BackupInstance (0ms)
		ReleaseScriptingObjects (0ms)
		CreateAndSetChildDomain (48ms)
	RebuildCommonClasses (35ms)
	RebuildNativeTypeToScriptingClass (11ms)
	initialDomainReloadingComplete (26ms)
	LoadAllAssembliesAndSetupDomain (470ms)
		LoadAssemblies (257ms)
		RebuildTransferFunctionScriptingTraits (0ms)
		AnalyzeDomain (305ms)
			TypeCache.Refresh (297ms)
				TypeCache.ScanAssembly (285ms)
			ScanForSourceGeneratedMonoScriptInfo (3ms)
			ResolveRequiredComponents (5ms)
	FinalizeReload (1021ms)
		ReleaseScriptCaches (0ms)
		RebuildScriptCaches (0ms)
		SetupLoadedEditorAssemblies (524ms)
			LogAssemblyErrors (0ms)
			InitializePlatformSupportModulesInManaged (6ms)
			SetLoadedEditorAssemblies (3ms)
			RefreshPlugins (0ms)
			BeforeProcessingInitializeOnLoad (52ms)
			ProcessInitializeOnLoadAttributes (437ms)
			ProcessInitializeOnLoadMethodAttributes (24ms)
			AfterProcessingInitializeOnLoad (2ms)
			EditorAssembliesLoaded (0ms)
		ExecutionOrderSort2 (0ms)
		AwakeInstancesAfterBackupRestoration (6ms)
Refreshing native plugins compatible for Editor in 3.47 ms, found 3 plugins.
Preloading 0 native plugins for Editor in 0.00 ms.
Unloading 3354 Unused Serialized files (Serialized files now loaded: 0)
Unloading 38 unused Assets / (1.3 MB). Loaded Objects now: 3941.
Memory consumption went from 138.1 MB to 136.9 MB.
Total: 3.769700 ms (FindLiveObjects: 0.268400 ms CreateObjectMapping: 0.276200 ms MarkObjects: 2.775000 ms  DeleteObjects: 0.448900 ms)

Prepare: number of updated asset objects reloaded= 0
AssetImportParameters requested are different than current active one (requested -> active):
  custom:container-demuxer-ogg: 62fdf1f143b41e24485cea50d1cbac27 -> 
  custom:video-codec-MediaFoundation-h265: 746d11721c4dcdbdad8f713fa42b33f4 -> 
  custom:video-decoder-ogg-theora: a1e56fd34408186e4bbccfd4996cb3dc -> 
  custom:framework-win-MediaFoundation: 216162199b28c13a410421893ffa2e32 -> 
  custom:CustomObjectIndexerAttribute: 756ad292c208cfabdd7b50bc23989ffe -> 
  custom:container-demuxer-webm: 4f35f7cbe854078d1ac9338744f61a02 -> 
  custom:container-muxer-webm: aa71ff27fc2769a1b78a27578f13a17b -> 
  custom:video-decoder-webm-vp8: 9c59270c3fd7afecdb556c50c9e8de78 -> 
  custom:AudioImporter_EditorPlatform: d09bf68614088b80899f8185d706f6e7 -> 
  custom:video-encoder-webm-vp8: eb34c28f22e8b96e1ab97ce403110664 -> 
  custom:audio-decoder-ogg-vorbis: bf7c407c2cedff20999df2af8eb42d56 -> 
  custom:audio-encoder-webm-vorbis: bf7c407c2cedff20999df2af8eb42d56 -> 
========================================================================
Received Import Request.
  Time since last request: 10.115206 seconds.
  path: Assets/Scripts/Minimapa.cs
  artifactKey: Guid(dc41f42f3765eed498c0a813845f9ba1) Importer(815301076,1909f56bfc062723c751e8b465ee728b)
Start importing Assets/Scripts/Minimapa.cs using Guid(dc41f42f3765eed498c0a813845f9ba1) Importer(815301076,1909f56bfc062723c751e8b465ee728b)  -> (artifact id: '61839d7b73f8addc23cc61779f13358a') in 0.005493 seconds
Number of updated asset objects reloaded before import = 0
Number of asset objects unloaded after import = 0
========================================================================
Received Import Request.
  Time since last request: 198.674746 seconds.
  path: Assets/Scripts/Minimapa.cs
  artifactKey: Guid(dc41f42f3765eed498c0a813845f9ba1) Importer(815301076,1909f56bfc062723c751e8b465ee728b)
Start importing Assets/Scripts/Minimapa.cs using Guid(dc41f42f3765eed498c0a813845f9ba1) Importer(815301076,1909f56bfc062723c751e8b465ee728b)  -> (artifact id: 'b03e67a53dfce3192c10ed31937625e7') in 0.000594 seconds
Number of updated asset objects reloaded before import = 0
Number of asset objects unloaded after import = 0
========================================================================
Received Prepare
Begin MonoManager ReloadAssembly
Symbol file LoadedFromMemory doesn't match image D:\Projectos unity\El Alma de la Jungla\Library\PackageCache\com.unity.visualscripting@1.8.0\Editor\VisualScripting.Core\Dependencies\YamlDotNet\Unity.VisualScripting.YamlDotNet.dll
Symbol file LoadedFromMemory doesn't match image D:\Projectos unity\El Alma de la Jungla\Library\PackageCache\com.unity.visualscripting@1.8.0\Editor\VisualScripting.Core\Dependencies\DotNetZip\Unity.VisualScripting.IonicZip.dll
- Loaded All Assemblies, in  0.757 seconds
Refreshing native plugins compatible for Editor in 2.75 ms, found 3 plugins.
Native extension for WindowsStandalone target not found
[Package Manager] Server::EnsureServerProcessIsRunning -- launch failed, reason: Unity was launched with the -noUpm command-line argument
[Package Manager] UpmClient::Send -- Unable to send message (not connected to UPM process).
[Package Manager] Cannot connect to Unity Package Manager local server
Mono: successfully reloaded assembly
- Finished resetting the current domain, in  1.053 seconds
Domain Reload Profiling: 1809ms
	BeginReloadAssembly (172ms)
		ExecutionOrderSort (0ms)
		DisableScriptedObjects (6ms)
		BackupInstance (0ms)
		ReleaseScriptingObjects (0ms)
		CreateAndSetChildDomain (44ms)
	RebuildCommonClasses (34ms)
	RebuildNativeTypeToScriptingClass (13ms)
	initialDomainReloadingComplete (27ms)
	LoadAllAssembliesAndSetupDomain (509ms)
		LoadAssemblies (277ms)
		RebuildTransferFunctionScriptingTraits (0ms)
		AnalyzeDomain (324ms)
			TypeCache.Refresh (316ms)
				TypeCache.ScanAssembly (303ms)
			ScanForSourceGeneratedMonoScriptInfo (3ms)
			ResolveRequiredComponents (5ms)
	FinalizeReload (1053ms)
		ReleaseScriptCaches (0ms)
		RebuildScriptCaches (0ms)
		SetupLoadedEditorAssemblies (520ms)
			LogAssemblyErrors (0ms)
			InitializePlatformSupportModulesInManaged (5ms)
			SetLoadedEditorAssemblies (3ms)
			RefreshPlugins (0ms)
			BeforeProcessingInitializeOnLoad (52ms)
			ProcessInitializeOnLoadAttributes (439ms)
			ProcessInitializeOnLoadMethodAttributes (18ms)
			AfterProcessingInitializeOnLoad (3ms)
			EditorAssembliesLoaded (0ms)
		ExecutionOrderSort2 (0ms)
		AwakeInstancesAfterBackupRestoration (7ms)
Refreshing native plugins compatible for Editor in 2.64 ms, found 3 plugins.
Preloading 0 native plugins for Editor in 0.00 ms.
Unloading 3354 Unused Serialized files (Serialized files now loaded: 0)
Unloading 38 unused Assets / (1.3 MB). Loaded Objects now: 3944.
Memory consumption went from 138.1 MB to 136.9 MB.
Total: 4.244600 ms (FindLiveObjects: 0.289500 ms CreateObjectMapping: 0.260300 ms MarkObjects: 3.413300 ms  DeleteObjects: 0.280500 ms)

Prepare: number of updated asset objects reloaded= 0
AssetImportParameters requested are different than current active one (requested -> active):
  custom:container-demuxer-ogg: 62fdf1f143b41e24485cea50d1cbac27 -> 
  custom:video-codec-MediaFoundation-h265: 746d11721c4dcdbdad8f713fa42b33f4 -> 
  custom:video-decoder-ogg-theora: a1e56fd34408186e4bbccfd4996cb3dc -> 
  custom:framework-win-MediaFoundation: 216162199b28c13a410421893ffa2e32 -> 
  custom:CustomObjectIndexerAttribute: 756ad292c208cfabdd7b50bc23989ffe -> 
  custom:container-demuxer-webm: 4f35f7cbe854078d1ac9338744f61a02 -> 
  custom:container-muxer-webm: aa71ff27fc2769a1b78a27578f13a17b -> 
  custom:video-decoder-webm-vp8: 9c59270c3fd7afecdb556c50c9e8de78 -> 
  custom:AudioImporter_EditorPlatform: d09bf68614088b80899f8185d706f6e7 -> 
  custom:video-encoder-webm-vp8: eb34c28f22e8b96e1ab97ce403110664 -> 
  custom:audio-decoder-ogg-vorbis: bf7c407c2cedff20999df2af8eb42d56 -> 
  custom:audio-encoder-webm-vorbis: bf7c407c2cedff20999df2af8eb42d56 -> 
========================================================================
Received Prepare
Begin MonoManager ReloadAssembly
Symbol file LoadedFromMemory doesn't match image D:\Projectos unity\El Alma de la Jungla\Library\PackageCache\com.unity.visualscripting@1.8.0\Editor\VisualScripting.Core\Dependencies\YamlDotNet\Unity.VisualScripting.YamlDotNet.dll
Symbol file LoadedFromMemory doesn't match image D:\Projectos unity\El Alma de la Jungla\Library\PackageCache\com.unity.visualscripting@1.8.0\Editor\VisualScripting.Core\Dependencies\DotNetZip\Unity.VisualScripting.IonicZip.dll
- Loaded All Assemblies, in  0.682 seconds
Refreshing native plugins compatible for Editor in 2.93 ms, found 3 plugins.
Native extension for WindowsStandalone target not found
[Package Manager] Server::EnsureServerProcessIsRunning -- launch failed, reason: Unity was launched with the -noUpm command-line argument
[Package Manager] UpmClient::Send -- Unable to send message (not connected to UPM process).
[Package Manager] Cannot connect to Unity Package Manager local server
Mono: successfully reloaded assembly
- Finished resetting the current domain, in  1.109 seconds
Domain Reload Profiling: 1791ms
	BeginReloadAssembly (157ms)
		ExecutionOrderSort (0ms)
		DisableScriptedObjects (5ms)
		BackupInstance (0ms)
		ReleaseScriptingObjects (0ms)
		CreateAndSetChildDomain (37ms)
	RebuildCommonClasses (34ms)
	RebuildNativeTypeToScriptingClass (12ms)
	initialDomainReloadingComplete (32ms)
	LoadAllAssembliesAndSetupDomain (446ms)
		LoadAssemblies (254ms)
		RebuildTransferFunctionScriptingTraits (0ms)
		AnalyzeDomain (278ms)
			TypeCache.Refresh (272ms)
				TypeCache.ScanAssembly (263ms)
			ScanForSourceGeneratedMonoScriptInfo (0ms)
			ResolveRequiredComponents (5ms)
	FinalizeReload (1110ms)
		ReleaseScriptCaches (0ms)
		RebuildScriptCaches (0ms)
		SetupLoadedEditorAssemblies (617ms)
			LogAssemblyErrors (0ms)
			InitializePlatformSupportModulesInManaged (4ms)
			SetLoadedEditorAssemblies (3ms)
			RefreshPlugins (0ms)
			BeforeProcessingInitializeOnLoad (55ms)
			ProcessInitializeOnLoadAttributes (530ms)
			ProcessInitializeOnLoadMethodAttributes (22ms)
			AfterProcessingInitializeOnLoad (3ms)
			EditorAssembliesLoaded (0ms)
		ExecutionOrderSort2 (0ms)
		AwakeInstancesAfterBackupRestoration (7ms)
Refreshing native plugins compatible for Editor in 3.81 ms, found 3 plugins.
Preloading 0 native plugins for Editor in 0.00 ms.
Unloading 3355 Unused Serialized files (Serialized files now loaded: 0)
Unloading 38 unused Assets / (1.3 MB). Loaded Objects now: 3947.
Memory consumption went from 138.4 MB to 137.1 MB.
Total: 4.024600 ms (FindLiveObjects: 0.362500 ms CreateObjectMapping: 0.472900 ms MarkObjects: 2.905300 ms  DeleteObjects: 0.282900 ms)

Prepare: number of updated asset objects reloaded= 0
AssetImportParameters requested are different than current active one (requested -> active):
  custom:container-demuxer-ogg: 62fdf1f143b41e24485cea50d1cbac27 -> 
  custom:video-codec-MediaFoundation-h265: 746d11721c4dcdbdad8f713fa42b33f4 -> 
  custom:video-decoder-ogg-theora: a1e56fd34408186e4bbccfd4996cb3dc -> 
  custom:framework-win-MediaFoundation: 216162199b28c13a410421893ffa2e32 -> 
  custom:CustomObjectIndexerAttribute: 756ad292c208cfabdd7b50bc23989ffe -> 
  custom:container-demuxer-webm: 4f35f7cbe854078d1ac9338744f61a02 -> 
  custom:container-muxer-webm: aa71ff27fc2769a1b78a27578f13a17b -> 
  custom:video-decoder-webm-vp8: 9c59270c3fd7afecdb556c50c9e8de78 -> 
  custom:AudioImporter_EditorPlatform: d09bf68614088b80899f8185d706f6e7 -> 
  custom:video-encoder-webm-vp8: eb34c28f22e8b96e1ab97ce403110664 -> 
  custom:audio-decoder-ogg-vorbis: bf7c407c2cedff20999df2af8eb42d56 -> 
  custom:audio-encoder-webm-vorbis: bf7c407c2cedff20999df2af8eb42d56 -> 
========================================================================
Received Prepare
Begin MonoManager ReloadAssembly
Symbol file LoadedFromMemory doesn't match image D:\Projectos unity\El Alma de la Jungla\Library\PackageCache\com.unity.visualscripting@1.8.0\Editor\VisualScripting.Core\Dependencies\YamlDotNet\Unity.VisualScripting.YamlDotNet.dll
Symbol file LoadedFromMemory doesn't match image D:\Projectos unity\El Alma de la Jungla\Library\PackageCache\com.unity.visualscripting@1.8.0\Editor\VisualScripting.Core\Dependencies\DotNetZip\Unity.VisualScripting.IonicZip.dll
- Loaded All Assemblies, in  0.693 seconds
Refreshing native plugins compatible for Editor in 2.57 ms, found 3 plugins.
Native extension for WindowsStandalone target not found
[Package Manager] Server::EnsureServerProcessIsRunning -- launch failed, reason: Unity was launched with the -noUpm command-line argument
[Package Manager] UpmClient::Send -- Unable to send message (not connected to UPM process).
[Package Manager] Cannot connect to Unity Package Manager local server
Mono: successfully reloaded assembly
- Finished resetting the current domain, in  0.995 seconds
Domain Reload Profiling: 1688ms
	BeginReloadAssembly (155ms)
		ExecutionOrderSort (0ms)
		DisableScriptedObjects (6ms)
		BackupInstance (0ms)
		ReleaseScriptingObjects (0ms)
		CreateAndSetChildDomain (39ms)
	RebuildCommonClasses (32ms)
	RebuildNativeTypeToScriptingClass (11ms)
	initialDomainReloadingComplete (24ms)
	LoadAllAssembliesAndSetupDomain (471ms)
		LoadAssemblies (256ms)
		RebuildTransferFunctionScriptingTraits (0ms)
		AnalyzeDomain (296ms)
			TypeCache.Refresh (290ms)
				TypeCache.ScanAssembly (280ms)
			ScanForSourceGeneratedMonoScriptInfo (0ms)
			ResolveRequiredComponents (5ms)
	FinalizeReload (995ms)
		ReleaseScriptCaches (0ms)
		RebuildScriptCaches (0ms)
		SetupLoadedEditorAssemblies (544ms)
			LogAssemblyErrors (0ms)
			InitializePlatformSupportModulesInManaged (4ms)
			SetLoadedEditorAssemblies (3ms)
			RefreshPlugins (0ms)
			BeforeProcessingInitializeOnLoad (57ms)
			ProcessInitializeOnLoadAttributes (457ms)
			ProcessInitializeOnLoadMethodAttributes (21ms)
			AfterProcessingInitializeOnLoad (2ms)
			EditorAssembliesLoaded (0ms)
		ExecutionOrderSort2 (0ms)
		AwakeInstancesAfterBackupRestoration (9ms)
Refreshing native plugins compatible for Editor in 3.00 ms, found 3 plugins.
Preloading 0 native plugins for Editor in 0.00 ms.
Unloading 3355 Unused Serialized files (Serialized files now loaded: 0)
Unloading 38 unused Assets / (1.3 MB). Loaded Objects now: 3950.
Memory consumption went from 138.4 MB to 137.1 MB.
Total: 3.761100 ms (FindLiveObjects: 0.294100 ms CreateObjectMapping: 0.304800 ms MarkObjects: 2.923100 ms  DeleteObjects: 0.237700 ms)

Prepare: number of updated asset objects reloaded= 0
AssetImportParameters requested are different than current active one (requested -> active):
  custom:container-demuxer-ogg: 62fdf1f143b41e24485cea50d1cbac27 -> 
  custom:video-codec-MediaFoundation-h265: 746d11721c4dcdbdad8f713fa42b33f4 -> 
  custom:video-decoder-ogg-theora: a1e56fd34408186e4bbccfd4996cb3dc -> 
  custom:framework-win-MediaFoundation: 216162199b28c13a410421893ffa2e32 -> 
  custom:CustomObjectIndexerAttribute: 756ad292c208cfabdd7b50bc23989ffe -> 
  custom:container-demuxer-webm: 4f35f7cbe854078d1ac9338744f61a02 -> 
  custom:container-muxer-webm: aa71ff27fc2769a1b78a27578f13a17b -> 
  custom:video-decoder-webm-vp8: 9c59270c3fd7afecdb556c50c9e8de78 -> 
  custom:AudioImporter_EditorPlatform: d09bf68614088b80899f8185d706f6e7 -> 
  custom:video-encoder-webm-vp8: eb34c28f22e8b96e1ab97ce403110664 -> 
  custom:audio-decoder-ogg-vorbis: bf7c407c2cedff20999df2af8eb42d56 -> 
  custom:audio-encoder-webm-vorbis: bf7c407c2cedff20999df2af8eb42d56 -> 
========================================================================
Received Prepare
Begin MonoManager ReloadAssembly
Symbol file LoadedFromMemory doesn't match image D:\Projectos unity\El Alma de la Jungla\Library\PackageCache\com.unity.visualscripting@1.8.0\Editor\VisualScripting.Core\Dependencies\YamlDotNet\Unity.VisualScripting.YamlDotNet.dll
Symbol file LoadedFromMemory doesn't match image D:\Projectos unity\El Alma de la Jungla\Library\PackageCache\com.unity.visualscripting@1.8.0\Editor\VisualScripting.Core\Dependencies\DotNetZip\Unity.VisualScripting.IonicZip.dll
- Loaded All Assemblies, in  0.885 seconds
Refreshing native plugins compatible for Editor in 3.01 ms, found 3 plugins.
Native extension for WindowsStandalone target not found
[Package Manager] Server::EnsureServerProcessIsRunning -- launch failed, reason: Unity was launched with the -noUpm command-line argument
[Package Manager] UpmClient::Send -- Unable to send message (not connected to UPM process).
[Package Manager] Cannot connect to Unity Package Manager local server
Mono: successfully reloaded assembly
- Finished resetting the current domain, in  1.057 seconds
Domain Reload Profiling: 1943ms
	BeginReloadAssembly (154ms)
		ExecutionOrderSort (0ms)
		DisableScriptedObjects (6ms)
		BackupInstance (0ms)
		ReleaseScriptingObjects (0ms)
		CreateAndSetChildDomain (35ms)
	RebuildCommonClasses (33ms)
	RebuildNativeTypeToScriptingClass (11ms)
	initialDomainReloadingComplete (28ms)
	LoadAllAssembliesAndSetupDomain (659ms)
		LoadAssemblies (450ms)
		RebuildTransferFunctionScriptingTraits (0ms)
		AnalyzeDomain (291ms)
			TypeCache.Refresh (286ms)
				TypeCache.ScanAssembly (274ms)
			ScanForSourceGeneratedMonoScriptInfo (0ms)
			ResolveRequiredComponents (5ms)
	FinalizeReload (1058ms)
		ReleaseScriptCaches (0ms)
		RebuildScriptCaches (0ms)
		SetupLoadedEditorAssemblies (562ms)
			LogAssemblyErrors (0ms)
			InitializePlatformSupportModulesInManaged (4ms)
			SetLoadedEditorAssemblies (3ms)
			RefreshPlugins (0ms)
			BeforeProcessingInitializeOnLoad (53ms)
			ProcessInitializeOnLoadAttributes (478ms)
			ProcessInitializeOnLoadMethodAttributes (20ms)
			AfterProcessingInitializeOnLoad (3ms)
			EditorAssembliesLoaded (0ms)
		ExecutionOrderSort2 (0ms)
		AwakeInstancesAfterBackupRestoration (8ms)
Refreshing native plugins compatible for Editor in 3.56 ms, found 3 plugins.
Preloading 0 native plugins for Editor in 0.00 ms.
Unloading 3355 Unused Serialized files (Serialized files now loaded: 0)
Unloading 38 unused Assets / (1.3 MB). Loaded Objects now: 3953.
Memory consumption went from 138.4 MB to 137.1 MB.
Total: 3.866700 ms (FindLiveObjects: 0.313800 ms CreateObjectMapping: 0.331300 ms MarkObjects: 2.991900 ms  DeleteObjects: 0.228800 ms)

Prepare: number of updated asset objects reloaded= 0
AssetImportParameters requested are different than current active one (requested -> active):
  custom:container-demuxer-ogg: 62fdf1f143b41e24485cea50d1cbac27 -> 
  custom:video-codec-MediaFoundation-h265: 746d11721c4dcdbdad8f713fa42b33f4 -> 
  custom:video-decoder-ogg-theora: a1e56fd34408186e4bbccfd4996cb3dc -> 
  custom:framework-win-MediaFoundation: 216162199b28c13a410421893ffa2e32 -> 
  custom:CustomObjectIndexerAttribute: 756ad292c208cfabdd7b50bc23989ffe -> 
  custom:container-demuxer-webm: 4f35f7cbe854078d1ac9338744f61a02 -> 
  custom:container-muxer-webm: aa71ff27fc2769a1b78a27578f13a17b -> 
  custom:video-decoder-webm-vp8: 9c59270c3fd7afecdb556c50c9e8de78 -> 
  custom:AudioImporter_EditorPlatform: d09bf68614088b80899f8185d706f6e7 -> 
  custom:video-encoder-webm-vp8: eb34c28f22e8b96e1ab97ce403110664 -> 
  custom:audio-decoder-ogg-vorbis: bf7c407c2cedff20999df2af8eb42d56 -> 
  custom:audio-encoder-webm-vorbis: bf7c407c2cedff20999df2af8eb42d56 -> 
========================================================================
Received Import Request.
  Time since last request: 1080.853287 seconds.
  path: Assets/New Material 1.mat
  artifactKey: Guid(24e92c89ff92ece468d9bf8ff6cce3fb) Importer(815301076,1909f56bfc062723c751e8b465ee728b)
Start importing Assets/New Material 1.mat using Guid(24e92c89ff92ece468d9bf8ff6cce3fb) Importer(815301076,1909f56bfc062723c751e8b465ee728b)  -> (artifact id: '4be9d699349e87a69496c3e8b5180cbe') in 0.133790 seconds
Number of updated asset objects reloaded before import = 0
Number of asset objects unloaded after import = 1
========================================================================
Received Import Request.
  Time since last request: 578.888574 seconds.
  path: Assets/Assets/UI/UIGAMEREAL/MinimapRenderT.renderTexture
  artifactKey: Guid(1705213aa1312ad4cbbe992bdd3de44b) Importer(815301076,1909f56bfc062723c751e8b465ee728b)
Start importing Assets/Assets/UI/UIGAMEREAL/MinimapRenderT.renderTexture using Guid(1705213aa1312ad4cbbe992bdd3de44b) Importer(815301076,1909f56bfc062723c751e8b465ee728b)  -> (artifact id: 'b19b6553a1df9f1a71906408c36da3b5') in 0.026292 seconds
Number of updated asset objects reloaded before import = 0
Number of asset objects unloaded after import = 2
========================================================================
Received Import Request.
  Time since last request: 12.775057 seconds.
  path: Assets/Assets/UI/UIGAMEREAL/New Material.mat
  artifactKey: Guid(bccc39a16031fa140a2c302343d57c4c) Importer(815301076,1909f56bfc062723c751e8b465ee728b)
Start importing Assets/Assets/UI/UIGAMEREAL/New Material.mat using Guid(bccc39a16031fa140a2c302343d57c4c) Importer(815301076,1909f56bfc062723c751e8b465ee728b)  -> (artifact id: '9b270809c8f023db5d182a523b871339') in 0.012973 seconds
Number of updated asset objects reloaded before import = 0
Number of asset objects unloaded after import = 1
